{"contracts/BasicNFT.sol":{"l":{"10":3,"14":1,"15":1,"16":1,"20":1,"24":3},"path":"/home/nachoddiaz/Curso32/nft/contracts/BasicNFT.sol","s":{"1":3,"2":1,"3":1,"4":1,"5":3},"b":{},"f":{"1":3,"2":1,"3":1,"4":3},"fnMap":{"1":{"name":"constructor","line":9,"loc":{"start":{"line":9,"column":4},"end":{"line":11,"column":4}}},"2":{"name":"mintNft","line":13,"loc":{"start":{"line":13,"column":4},"end":{"line":17,"column":4}}},"3":{"name":"tokenURI","line":19,"loc":{"start":{"line":19,"column":4},"end":{"line":21,"column":4}}},"4":{"name":"getTokenCounter","line":23,"loc":{"start":{"line":23,"column":4},"end":{"line":25,"column":4}}}},"statementMap":{"1":{"start":{"line":10,"column":8},"end":{"line":10,"column":23}},"2":{"start":{"line":14,"column":8},"end":{"line":14,"column":44}},"3":{"start":{"line":16,"column":8},"end":{"line":16,"column":29}},"4":{"start":{"line":20,"column":8},"end":{"line":20,"column":24}},"5":{"start":{"line":24,"column":8},"end":{"line":24,"column":29}}},"branchMap":{}}}