{
"contracts/BasicNFT.sol":{"l":{"11":3,"15":1,"16":1,"17":1,"21":1,"25":3},"path":"/home/nachoddiaz/Curso32/nft/contracts/BasicNFT.sol","s":{"1":3,"2":1,"3":1,"4":1,"5":3},"b":{},"f":{"1":3,"2":1,"3":1,"4":3},"fnMap":{"1":{"name":"constructor","line":10,"loc":{"start":{"line":10,"column":4},"end":{"line":12,"column":4}}},"2":{"name":"mintNft","line":14,"loc":{"start":{"line":14,"column":4},"end":{"line":18,"column":4}}},"3":{"name":"tokenURI","line":20,"loc":{"start":{"line":20,"column":4},"end":{"line":22,"column":4}}},"4":{"name":"getTokenCounter","line":24,"loc":{"start":{"line":24,"column":4},"end":{"line":26,"column":4}}}},"statementMap":{"1":{"start":{"line":11,"column":8},"end":{"line":11,"column":25}},"2":{"start":{"line":15,"column":8},"end":{"line":15,"column":44}},"3":{"start":{"line":17,"column":8},"end":{"line":17,"column":29}},"4":{"start":{"line":21,"column":8},"end":{"line":21,"column":24}},"5":{"start":{"line":25,"column":8},"end":{"line":25,"column":29}}},"branchMap":{}},
"contracts/RandomIpfsNFT.sol":{"l":{"54":3,"55":3,"56":3,"57":3,"58":3,"59":3,"63":0,"64":0,"66":0,"73":0,"74":0,"78":0,"79":0,"82":0,"83":0,"84":0,"85":0,"86":0,"87":0,"92":0,"93":0,"94":0,"95":0,"100":0,"101":0,"102":0,"103":0,"104":0,"106":0,"108":0,"112":0,"116":3,"117":0,"119":3,"120":3,"125":0,"129":0,"133":0,"137":0,"141":0},"path":"/home/nachoddiaz/Curso32/nft/contracts/RandomIpfsNFT.sol","s":{"1":3,"2":3,"3":3,"4":3,"5":3,"6":3,"7":0,"8":0,"9":0,"10":0,"11":0,"12":0,"13":0,"14":0,"15":0,"16":0,"17":0,"18":0,"19":0,"20":0,"21":0,"22":0,"23":0,"24":0,"25":0,"26":0,"27":0,"28":0,"29":3,"30":3,"31":3,"32":0,"33":0,"34":0,"35":0,"36":0},"b":{"1":[0,0],"2":[0,0],"3":[0,0],"4":[0,3]},"f":{"1":3,"2":0,"3":0,"4":0,"5":0,"6":0,"7":3,"8":0,"9":0,"10":0,"11":0,"12":0},"fnMap":{"1":{"name":"constructor","line":53,"loc":{"start":{"line":46,"column":4},"end":{"line":60,"column":4}}},"2":{"name":"requestNft","line":62,"loc":{"start":{"line":62,"column":4},"end":{"line":75,"column":4}}},"3":{"name":"fulfillRandomWords","line":77,"loc":{"start":{"line":77,"column":4},"end":{"line":89,"column":4}}},"4":{"name":"withdraw","line":91,"loc":{"start":{"line":91,"column":4},"end":{"line":97,"column":4}}},"5":{"name":"getRarityFromModdedRnd","line":99,"loc":{"start":{"line":99,"column":4},"end":{"line":109,"column":4}}},"6":{"name":"getChanceArray","line":111,"loc":{"start":{"line":111,"column":4},"end":{"line":113,"column":4}}},"7":{"name":"_initializeContract","line":115,"loc":{"start":{"line":115,"column":4},"end":{"line":121,"column":4}}},"8":{"name":"getTokenCounter","line":124,"loc":{"start":{"line":124,"column":4},"end":{"line":126,"column":4}}},"9":{"name":"getMintFee","line":128,"loc":{"start":{"line":128,"column":4},"end":{"line":130,"column":4}}},"10":{"name":"getKeyHash","line":132,"loc":{"start":{"line":132,"column":5},"end":{"line":134,"column":4}}},"11":{"name":"getTokenUris","line":136,"loc":{"start":{"line":136,"column":4},"end":{"line":138,"column":4}}},"12":{"name":"getInitialized","line":140,"loc":{"start":{"line":140,"column":4},"end":{"line":142,"column":4}}}},"statementMap":{"1":{"start":{"line":54,"column":8},"end":{"line":54,"column":68}},"2":{"start":{"line":55,"column":8},"end":{"line":55,"column":40}},"3":{"start":{"line":56,"column":8},"end":{"line":56,"column":26}},"4":{"start":{"line":57,"column":8},"end":{"line":57,"column":44}},"5":{"start":{"line":58,"column":8},"end":{"line":58,"column":39}},"6":{"start":{"line":59,"column":8},"end":{"line":59,"column":26}},"7":{"start":{"line":63,"column":8},"end":{"line":63,"column":2123}},"8":{"start":{"line":66,"column":8},"end":{"line":66,"column":2219}},"9":{"start":{"line":73,"column":8},"end":{"line":73,"column":50}},"10":{"start":{"line":74,"column":8},"end":{"line":74,"column":48}},"11":{"start":{"line":78,"column":8},"end":{"line":78,"column":57}},"12":{"start":{"line":79,"column":8},"end":{"line":79,"column":43}},"13":{"start":{"line":82,"column":8},"end":{"line":82,"column":61}},"14":{"start":{"line":83,"column":8},"end":{"line":83,"column":56}},"15":{"start":{"line":84,"column":8},"end":{"line":84,"column":38}},"16":{"start":{"line":85,"column":8},"end":{"line":85,"column":61}},"17":{"start":{"line":86,"column":8},"end":{"line":86,"column":39}},"18":{"start":{"line":87,"column":8},"end":{"line":87,"column":38}},"19":{"start":{"line":92,"column":8},"end":{"line":92,"column":46}},"20":{"start":{"line":93,"column":8},"end":{"line":93,"column":70}},"21":{"start":{"line":94,"column":8},"end":{"line":94,"column":3321}},"22":{"start":{"line":100,"column":8},"end":{"line":100,"column":33}},"23":{"start":{"line":101,"column":8},"end":{"line":101,"column":56}},"24":{"start":{"line":102,"column":8},"end":{"line":102,"column":3594}},"25":{"start":{"line":103,"column":12},"end":{"line":103,"column":3661}},"26":{"start":{"line":104,"column":16},"end":{"line":104,"column":33}},"27":{"start":{"line":106,"column":12},"end":{"line":106,"column":42}},"28":{"start":{"line":112,"column":8},"end":{"line":112,"column":41}},"29":{"start":{"line":116,"column":8},"end":{"line":116,"column":4101}},"30":{"start":{"line":119,"column":8},"end":{"line":119,"column":34}},"31":{"start":{"line":120,"column":8},"end":{"line":120,"column":27}},"32":{"start":{"line":125,"column":8},"end":{"line":125,"column":29}},"33":{"start":{"line":129,"column":8},"end":{"line":129,"column":24}},"34":{"start":{"line":133,"column":8},"end":{"line":133,"column":24}},"35":{"start":{"line":137,"column":8},"end":{"line":137,"column":35}},"36":{"start":{"line":141,"column":8},"end":{"line":141,"column":28}}},"branchMap":{"1":{"line":63,"type":"if","locations":[{"start":{"line":63,"column":8},"end":{"line":63,"column":8}},{"start":{"line":63,"column":8},"end":{"line":63,"column":8}}]},"2":{"line":94,"type":"if","locations":[{"start":{"line":94,"column":8},"end":{"line":94,"column":8}},{"start":{"line":94,"column":8},"end":{"line":94,"column":8}}]},"3":{"line":103,"type":"if","locations":[{"start":{"line":103,"column":12},"end":{"line":103,"column":12}},{"start":{"line":103,"column":12},"end":{"line":103,"column":12}}]},"4":{"line":116,"type":"if","locations":[{"start":{"line":116,"column":8},"end":{"line":116,"column":8}},{"start":{"line":116,"column":8},"end":{"line":116,"column":8}}]}}},
"contracts/test/MockV3Aggregator.sol":{"l":{},"path":"/home/nachoddiaz/Curso32/nft/contracts/test/MockV3Aggregator.sol","s":{},"b":{},"f":{},"fnMap":{},"statementMap":{},"branchMap":{}},
"contracts/test/VRFCoordinatorV2Mock.sol":{"l":{},"path":"/home/nachoddiaz/Curso32/nft/contracts/test/VRFCoordinatorV2Mock.sol","s":{},"b":{},"f":{},"fnMap":{},"statementMap":{},"branchMap":{}}}
