TN:
SF:/home/nachoddiaz/Curso32/nft/contracts/BasicNFT.sol
FN:10,constructor
FN:14,mintNft
FN:20,tokenURI
FN:24,getTokenCounter
FNF:4
FNH:4
FNDA:3,constructor
FNDA:1,mintNft
FNDA:1,tokenURI
FNDA:3,getTokenCounter
DA:11,3
DA:15,1
DA:16,1
DA:17,1
DA:21,1
DA:25,3
LF:6
LH:6
BRF:0
BRH:0
end_of_record
TN:
SF:/home/nachoddiaz/Curso32/nft/contracts/RandomIpfsNFT.sol
FN:53,constructor
FN:62,requestNft
FN:77,fulfillRandomWords
FN:91,withdraw
FN:99,getRarityFromModdedRnd
FN:111,getChanceArray
FN:115,_initializeContract
FN:124,getTokenCounter
FN:128,getMintFee
FN:132,getKeyHash
FN:136,getTokenUris
FN:140,getInitialized
FNF:12
FNH:2
FNDA:3,constructor
FNDA:0,requestNft
FNDA:0,fulfillRandomWords
FNDA:0,withdraw
FNDA:0,getRarityFromModdedRnd
FNDA:0,getChanceArray
FNDA:3,_initializeContract
FNDA:0,getTokenCounter
FNDA:0,getMintFee
FNDA:0,getKeyHash
FNDA:0,getTokenUris
FNDA:0,getInitialized
DA:54,3
DA:55,3
DA:56,3
DA:57,3
DA:58,3
DA:59,3
DA:63,0
DA:64,0
DA:66,0
DA:73,0
DA:74,0
DA:78,0
DA:79,0
DA:82,0
DA:83,0
DA:84,0
DA:85,0
DA:86,0
DA:87,0
DA:92,0
DA:93,0
DA:94,0
DA:95,0
DA:100,0
DA:101,0
DA:102,0
DA:103,0
DA:104,0
DA:106,0
DA:108,0
DA:112,0
DA:116,3
DA:117,0
DA:119,3
DA:120,3
DA:125,0
DA:129,0
DA:133,0
DA:137,0
DA:141,0
LF:40
LH:9
BRDA:63,1,0,0
BRDA:63,1,1,0
BRDA:94,2,0,0
BRDA:94,2,1,0
BRDA:103,3,0,0
BRDA:103,3,1,0
BRDA:116,4,0,0
BRDA:116,4,1,3
BRF:8
BRH:1
end_of_record
TN:
SF:/home/nachoddiaz/Curso32/nft/contracts/test/MockV3Aggregator.sol
FNF:0
FNH:0
LF:0
LH:0
BRF:0
BRH:0
end_of_record
TN:
SF:/home/nachoddiaz/Curso32/nft/contracts/test/VRFCoordinatorV2Mock.sol
FNF:0
FNH:0
LF:0
LH:0
BRF:0
BRH:0
end_of_record
